  Animation.cpp
  Animator.cpp
C:\Users\jimmy\Desktop\Projects\프방\CSisLife\ColladaRender\Texture.h(3,10): fatal error C1083: 포함 파일을 열 수 없습니다. 'FreeImage.h': No such file or directory
  Face.cpp
C:\Users\jimmy\Desktop\Projects\프방\CSisLife\ColladaRender\Face.h(2,10): warning C4067: 전처리기 지시문 다음에 예기치 않은 토큰이 있습니다. 줄 바꿈 문자가 필요합니다.
C:\Users\jimmy\Desktop\Projects\프방\CSisLife\ColladaRender\Face.h(3,10): warning C4067: 전처리기 지시문 다음에 예기치 않은 토큰이 있습니다. 줄 바꿈 문자가 필요합니다.
C:\Users\jimmy\Desktop\Projects\프방\CSisLife\ColladaRender\Face.h(4,10): fatal error C1083: 포함 파일을 열 수 없습니다. 'GL/glut.h': No such file or directory
  Joint.cpp
C:\Users\jimmy\Desktop\Projects\프방\CSisLife\ColladaRender\Joint.h(5,10): fatal error C1083: 포함 파일을 열 수 없습니다. 'GL/glut.h': No such file or directory
  JointTransform.cpp
  KeyFrame.cpp
  main.cpp
C:\Users\jimmy\Desktop\Projects\프방\CSisLife\ColladaRender\Texture.h(3,10): fatal error C1083: 포함 파일을 열 수 없습니다. 'FreeImage.h': No such file or directory
  Material.cpp
  Matrix4f.cpp
C:\Users\jimmy\Desktop\Projects\프방\CSisLife\ColladaRender\Matrix4f.cpp(76,20): warning C4244: '=': 'double'에서 'float'(으)로 변환하면서 데이터가 손실될 수 있습니다.
C:\Users\jimmy\Desktop\Projects\프방\CSisLife\ColladaRender\Matrix4f.cpp(77,17): warning C4244: '=': 'double'에서 'float'(으)로 변환하면서 데이터가 손실될 수 있습니다.
C:\Users\jimmy\Desktop\Projects\프방\CSisLife\ColladaRender\Matrix4f.cpp(78,20): warning C4244: '=': 'double'에서 'float'(으)로 변환하면서 데이터가 손실될 수 있습니다.
C:\Users\jimmy\Desktop\Projects\프방\CSisLife\ColladaRender\Matrix4f.cpp(79,20): warning C4244: '=': 'double'에서 'float'(으)로 변환하면서 데이터가 손실될 수 있습니다.
C:\Users\jimmy\Desktop\Projects\프방\CSisLife\ColladaRender\Matrix4f.cpp(82,20): warning C4244: '=': 'double'에서 'float'(으)로 변환하면서 데이터가 손실될 수 있습니다.
C:\Users\jimmy\Desktop\Projects\프방\CSisLife\ColladaRender\Matrix4f.cpp(83,17): warning C4244: '=': 'double'에서 'float'(으)로 변환하면서 데이터가 손실될 수 있습니다.
C:\Users\jimmy\Desktop\Projects\프방\CSisLife\ColladaRender\Matrix4f.cpp(84,20): warning C4244: '=': 'double'에서 'float'(으)로 변환하면서 데이터가 손실될 수 있습니다.
C:\Users\jimmy\Desktop\Projects\프방\CSisLife\ColladaRender\Matrix4f.cpp(85,20): warning C4244: '=': 'double'에서 'float'(으)로 변환하면서 데이터가 손실될 수 있습니다.
C:\Users\jimmy\Desktop\Projects\프방\CSisLife\ColladaRender\Matrix4f.cpp(88,20): warning C4244: '=': 'double'에서 'float'(으)로 변환하면서 데이터가 손실될 수 있습니다.
C:\Users\jimmy\Desktop\Projects\프방\CSisLife\ColladaRender\Matrix4f.cpp(89,17): warning C4244: '=': 'double'에서 'float'(으)로 변환하면서 데이터가 손실될 수 있습니다.
C:\Users\jimmy\Desktop\Projects\프방\CSisLife\ColladaRender\Matrix4f.cpp(90,20): warning C4244: '=': 'double'에서 'float'(으)로 변환하면서 데이터가 손실될 수 있습니다.
C:\Users\jimmy\Desktop\Projects\프방\CSisLife\ColladaRender\Matrix4f.cpp(91,20): warning C4244: '=': 'double'에서 'float'(으)로 변환하면서 데이터가 손실될 수 있습니다.
  OBJ.cpp
C:\Users\jimmy\Desktop\Projects\프방\CSisLife\ColladaRender\Texture.h(3,10): fatal error C1083: 포함 파일을 열 수 없습니다. 'FreeImage.h': No such file or directory
  Quaternion.cpp
C:\Users\jimmy\Desktop\Projects\프방\CSisLife\ColladaRender\Quaternion.cpp(6,93): warning C4244: '=': 'double'에서 'float'(으)로 변환하면서 데이터가 손실될 수 있습니다.
C:\Users\jimmy\Desktop\Projects\프방\CSisLife\ColladaRender\Quaternion.cpp(7,93): warning C4244: '=': 'double'에서 'float'(으)로 변환하면서 데이터가 손실될 수 있습니다.
C:\Users\jimmy\Desktop\Projects\프방\CSisLife\ColladaRender\Quaternion.cpp(8,93): warning C4244: '=': 'double'에서 'float'(으)로 변환하면서 데이터가 손실될 수 있습니다.
C:\Users\jimmy\Desktop\Projects\프방\CSisLife\ColladaRender\Quaternion.cpp(9,93): warning C4244: '=': 'double'에서 'float'(으)로 변환하면서 데이터가 손실될 수 있습니다.
C:\Users\jimmy\Desktop\Projects\프방\CSisLife\ColladaRender\Quaternion.cpp(15,32): warning C4244: '=': 'double'에서 'float'(으)로 변환하면서 데이터가 손실될 수 있습니다.
C:\Users\jimmy\Desktop\Projects\프방\CSisLife\ColladaRender\Quaternion.cpp(21,32): warning C4244: '=': 'double'에서 'float'(으)로 변환하면서 데이터가 손실될 수 있습니다.
C:\Users\jimmy\Desktop\Projects\프방\CSisLife\ColladaRender\Quaternion.cpp(27,42): warning C4244: '=': 'double'에서 'float'(으)로 변환하면서 데이터가 손실될 수 있습니다.
  Texture.cpp
C:\Users\jimmy\Desktop\Projects\프방\CSisLife\ColladaRender\Texture.h(3,10): fatal error C1083: 포함 파일을 열 수 없습니다. 'FreeImage.h': No such file or directory
  Vector2f.cpp
  Vector3f.cpp
  코드를 생성하고 있습니다...
